<?xml version="1.0" encoding="UTF-8"?>
<!-- Generated by org.testng.reporters.JUnitReportReporter -->
<testsuite hostname="DESKTOP-GDDCI8S" failures="0" tests="1" name="propertyfile.Propertyfile1" time="0.007" errors="0" timestamp="2024-03-07T09:42:24 IST" skipped="0">
  <testcase classname="propertyfile.Propertyfile1" name="fetchprop" time="0.007"/>
  <system-out/>
</testsuite> <!-- propertyfile.Propertyfile1 -->
