<?xml version="1.0" encoding="UTF-8"?>
<!-- Generated by org.testng.reporters.JUnitReportReporter -->
<testsuite hostname="DESKTOP-GDDCI8S" failures="0" tests="1" name="Log4j.Log_report" time="0.086" errors="0" timestamp="2024-03-01T11:11:30 IST" skipped="0">
  <testcase classname="Log4j.Log_report" name="report" time="0.086"/>
  <system-out/>
</testsuite> <!-- Log4j.Log_report -->
